<?xml version="1.0" encoding="UTF-8"?>
<!-- Generated by org.testng.reporters.JUnitReportReporter -->
<testsuite hostname="DESKTOP-5OV9KF3" failures="0" tests="2" name="TestNG.TestNGDemo1" time="0.012" errors="0" timestamp="2022-11-10T17:13:52 IST" skipped="0">
  <testcase classname="TestNG.TestNGDemo1" name="FirstTestDemo2" time="0.001"/>
  <system-out/>
  <testcase classname="TestNG.TestNGDemo1" name="FirstTestDemo1" time="0.011"/>
  <system-out/>
</testsuite> <!-- TestNG.TestNGDemo1 -->
