<?xml version="1.0" encoding="UTF-8"?>
<!-- Generated by org.testng.reporters.JUnitReportReporter -->
<testsuite hostname="DESKTOP-5OV9KF3" failures="0" tests="6" name="TestNGExample" time="0.033" errors="0" timestamp="2022-11-10T16:35:19 IST" skipped="0">
  <testcase classname="TestNGExample" name="setData" time="0.004"/>
  <system-out/>
  <testcase classname="TestNGExample" name="testCase01" time="0.004"/>
  <system-out/>
  <testcase classname="TestNGExample" name="setData" time="0.009"/>
  <system-out/>
  <testcase classname="TestNGExample" name="testCase02" time="0.004"/>
  <system-out/>
  <testcase classname="TestNGExample" name="setData" time="0.006"/>
  <system-out/>
  <testcase classname="TestNGExample" name="testCase03" time="0.006"/>
  <system-out/>
</testsuite> <!-- TestNGExample -->
