<?xml version="1.0" encoding="UTF-8"?>
<!-- Generated by org.testng.reporters.JUnitReportReporter -->
<testsuite hostname="DESKTOP-5OV9KF3" failures="0" tests="2" name="TestNG.TestNGDemo2" time="0.006" errors="0" timestamp="2022-11-10T17:13:52 IST" skipped="0">
  <testcase classname="TestNG.TestNGDemo2" name="SecondTestDemo2" time="0.003"/>
  <system-out/>
  <testcase classname="TestNG.TestNGDemo2" name="SecondTestDemo1" time="0.003"/>
  <system-out/>
</testsuite> <!-- TestNG.TestNGDemo2 -->
